Library/Bee/Android/Prj/IL2CPP/Gradle/launcher/build/intermediates/manifest_merge_blame_file/release/manifest-merger-blame-release-report.txt
1<?xml version="1.0" encoding="utf-8"?>
2<manifest xmlns:android="http://schemas.android.com/apk/res/android"
3    package="com.vuforia.engine.VuforiaEngine"
4    android:installLocation="preferExternal"
5    android:versionCode="10273"
6    android:versionName="10.27.3" >
7
8    <uses-sdk
9        android:minSdkVersion="26"
9-->src\main\AndroidManifest.xml
10        android:targetSdkVersion="35" />
10-->src\main\AndroidManifest.xml
11
12    <supports-screens
12-->src\main\AndroidManifest.xml:4:3-163
13        android:anyDensity="true"
13-->src\main\AndroidManifest.xml:4:135-160
14        android:largeScreens="true"
14-->src\main\AndroidManifest.xml:4:78-105
15        android:normalScreens="true"
15-->src\main\AndroidManifest.xml:4:49-77
16        android:smallScreens="true"
16-->src\main\AndroidManifest.xml:4:21-48
17        android:xlargeScreens="true" />
17-->src\main\AndroidManifest.xml:4:106-134
18
19    <uses-permission android:name="android.permission.INTERNET" />
19-->[:unityLibrary] AndroidManifest.xml:8:5-67
19-->[:unityLibrary] AndroidManifest.xml:8:22-64
20    <uses-permission android:name="android.permission.CAMERA" />
20-->[:unityLibrary] AndroidManifest.xml:9:5-65
20-->[:unityLibrary] AndroidManifest.xml:9:22-62
21
22    <uses-feature
22-->[:unityLibrary] AndroidManifest.xml:11:5-54
23        android:glEsVersion="0x00030000"
23-->[:unityLibrary] AndroidManifest.xml:11:19-51
24        android:required="true" />
24-->[:GfxPluginCardboard:] AndroidManifest.xml:13:9-32
25    <uses-feature
25-->[:unityLibrary] AndroidManifest.xml:12:5-14:36
26        android:name="android.hardware.camera"
26-->[:unityLibrary] AndroidManifest.xml:13:9-47
27        android:required="true" />
27-->[:unityLibrary] AndroidManifest.xml:14:9-33
28    <uses-feature
28-->[:unityLibrary] AndroidManifest.xml:15:5-17:36
29        android:name="android.hardware.camera.autofocus"
29-->[:unityLibrary] AndroidManifest.xml:16:9-57
30        android:required="false" />
30-->[:unityLibrary] AndroidManifest.xml:17:9-33
31    <uses-feature
31-->[:unityLibrary] AndroidManifest.xml:18:5-20:36
32        android:name="android.hardware.camera.front"
32-->[:unityLibrary] AndroidManifest.xml:19:9-53
33        android:required="false" />
33-->[:unityLibrary] AndroidManifest.xml:20:9-33
34    <uses-feature
34-->[:unityLibrary] AndroidManifest.xml:21:5-23:36
35        android:name="android.hardware.touchscreen"
35-->[:unityLibrary] AndroidManifest.xml:22:9-52
36        android:required="false" />
36-->[:unityLibrary] AndroidManifest.xml:23:9-33
37    <uses-feature
37-->[:unityLibrary] AndroidManifest.xml:24:5-26:36
38        android:name="android.hardware.touchscreen.multitouch"
38-->[:unityLibrary] AndroidManifest.xml:25:9-63
39        android:required="false" />
39-->[:unityLibrary] AndroidManifest.xml:26:9-33
40    <uses-feature
40-->[:unityLibrary] AndroidManifest.xml:27:5-29:36
41        android:name="android.hardware.touchscreen.multitouch.distinct"
41-->[:unityLibrary] AndroidManifest.xml:28:9-72
42        android:required="false" />
42-->[:unityLibrary] AndroidManifest.xml:29:9-33
43    <uses-feature
43-->[:unityLibrary] AndroidManifest.xml:30:5-32:35
44        android:name="android.hardware.camera.ar"
44-->[:unityLibrary] AndroidManifest.xml:31:9-50
45        android:required="true" />
45-->[:unityLibrary] AndroidManifest.xml:32:9-32
46    <uses-feature
46-->[:unityLibrary] AndroidManifest.xml:33:5-35:35
47        android:name="com.google.ar.core.depth"
47-->[:unityLibrary] AndroidManifest.xml:34:9-48
48        android:required="true" />
48-->[:unityLibrary] AndroidManifest.xml:35:9-32
49
50    <queries>
50-->[:arcore_client:] AndroidManifest.xml:20:5-27:15
51        <package android:name="com.google.ar.core" />
51-->[:arcore_client:] AndroidManifest.xml:21:9-54
51-->[:arcore_client:] AndroidManifest.xml:21:18-51
52        <package android:name="com.android.vending" />
52-->[:arcore_client:] AndroidManifest.xml:22:9-55
52-->[:arcore_client:] AndroidManifest.xml:22:18-52
53
54        <intent>
54-->[:arcore_client:] AndroidManifest.xml:24:9-26:18
55            <action android:name="com.google.android.play.core.install.BIND_INSTALL_SERVICE" />
55-->[:arcore_client:] AndroidManifest.xml:25:13-96
55-->[:arcore_client:] AndroidManifest.xml:25:21-93
56        </intent>
57    </queries>
58
59    <uses-permission android:name="android.permission.ACCESS_NETWORK_STATE" />
59-->[:UnityAds:] AndroidManifest.xml:9:5-79
59-->[:UnityAds:] AndroidManifest.xml:9:22-76
60    <uses-permission android:name="com.google.android.gms.permission.AD_ID" />
60-->[:UnityAds:] AndroidManifest.xml:11:5-79
60-->[:UnityAds:] AndroidManifest.xml:11:22-76
61    <uses-permission android:name="android.permission.READ_EXTERNAL_STORAGE" />
61-->[:NativeGallery:] AndroidManifest.xml:4:2-98
61-->[:NativeGallery:] AndroidManifest.xml:4:19-74
62    <uses-permission android:name="android.permission.WRITE_EXTERNAL_STORAGE" />
62-->[:NativeGallery:] AndroidManifest.xml:5:2-99
62-->[:NativeGallery:] AndroidManifest.xml:5:19-75
63    <!--
64        Required by Vuforia: Add this permission to access IMU sensors at high rate
65        for device tracker functionality on Android 12+.
66    -->
67    <uses-permission android:name="android.permission.HIGH_SAMPLING_RATE_SENSORS" />
67-->[:VuforiaEngine:] AndroidManifest.xml:16:5-85
67-->[:VuforiaEngine:] AndroidManifest.xml:16:22-82
68    <uses-permission android:name="android.permission.NFC" />
68-->[:GfxPluginCardboard:] AndroidManifest.xml:18:5-62
68-->[:GfxPluginCardboard:] AndroidManifest.xml:18:22-59
69
70    <permission
70-->[androidx.core:core:1.9.0] AndroidManifest.xml:22:5-24:47
71        android:name="com.vuforia.engine.VuforiaEngine.DYNAMIC_RECEIVER_NOT_EXPORTED_PERMISSION"
71-->[androidx.core:core:1.9.0] AndroidManifest.xml:23:9-81
72        android:protectionLevel="signature" />
72-->[androidx.core:core:1.9.0] AndroidManifest.xml:24:9-44
73
74    <uses-permission android:name="com.vuforia.engine.VuforiaEngine.DYNAMIC_RECEIVER_NOT_EXPORTED_PERMISSION" />
74-->[androidx.core:core:1.9.0] AndroidManifest.xml:26:5-97
74-->[androidx.core:core:1.9.0] AndroidManifest.xml:26:22-94
75
76    <application
76-->src\main\AndroidManifest.xml:3:3-126
77        android:appComponentFactory="androidx.core.app.CoreComponentFactory"
77-->[androidx.core:core:1.9.0] AndroidManifest.xml:28:18-86
78        android:extractNativeLibs="true"
78-->[:unityLibrary] AndroidManifest.xml:37:18-50
79        android:icon="@mipmap/app_icon"
79-->src\main\AndroidManifest.xml:3:49-80
80        android:label="@string/app_name"
80-->src\main\AndroidManifest.xml:3:16-48
81        android:requestLegacyExternalStorage="true"
81-->[:NativeGallery:] AndroidManifest.xml:6:15-58
82        android:roundIcon="@mipmap/app_icon_round" >
82-->src\main\AndroidManifest.xml:3:81-123
83        <meta-data
83-->[:unityLibrary] AndroidManifest.xml:38:9-40:33
84            android:name="unity.splash-mode"
84-->[:unityLibrary] AndroidManifest.xml:39:13-45
85            android:value="0" />
85-->[:unityLibrary] AndroidManifest.xml:40:13-30
86        <meta-data
86-->[:unityLibrary] AndroidManifest.xml:41:9-43:36
87            android:name="unity.splash-enable"
87-->[:unityLibrary] AndroidManifest.xml:42:13-47
88            android:value="True" />
88-->[:unityLibrary] AndroidManifest.xml:43:13-33
89        <meta-data
89-->[:unityLibrary] AndroidManifest.xml:44:9-46:36
90            android:name="unity.launch-fullscreen"
90-->[:unityLibrary] AndroidManifest.xml:45:13-51
91            android:value="True" />
91-->[:unityLibrary] AndroidManifest.xml:46:13-33
92        <meta-data
92-->[:unityLibrary] AndroidManifest.xml:47:9-49:36
93            android:name="unity.render-outside-safearea"
93-->[:unityLibrary] AndroidManifest.xml:48:13-57
94            android:value="True" />
94-->[:unityLibrary] AndroidManifest.xml:49:13-33
95        <meta-data
95-->[:unityLibrary] AndroidManifest.xml:50:9-52:50
96            android:name="notch.config"
96-->[:unityLibrary] AndroidManifest.xml:51:13-40
97            android:value="portrait|landscape" />
97-->[:unityLibrary] AndroidManifest.xml:52:13-47
98        <meta-data
98-->[:unityLibrary] AndroidManifest.xml:53:9-55:36
99            android:name="unity.auto-report-fully-drawn"
99-->[:unityLibrary] AndroidManifest.xml:54:13-57
100            android:value="true" />
100-->[:unityLibrary] AndroidManifest.xml:55:13-33
101
102        <activity
102-->[:unityLibrary] AndroidManifest.xml:57:9-78:20
103            android:name="com.unity3d.player.UnityPlayerActivity"
103-->[:unityLibrary] AndroidManifest.xml:58:13-66
104            android:configChanges="mcc|mnc|locale|touchscreen|keyboard|keyboardHidden|navigation|orientation|screenLayout|uiMode|screenSize|smallestScreenSize|fontScale|layoutDirection|density"
104-->[:unityLibrary] AndroidManifest.xml:59:13-194
105            android:exported="true"
105-->[:unityLibrary] AndroidManifest.xml:60:13-36
106            android:hardwareAccelerated="false"
106-->[:unityLibrary] AndroidManifest.xml:61:13-48
107            android:launchMode="singleTask"
107-->[:unityLibrary] AndroidManifest.xml:62:13-44
108            android:resizeableActivity="false"
108-->[:unityLibrary] AndroidManifest.xml:63:13-47
109            android:screenOrientation="portrait"
109-->[:unityLibrary] AndroidManifest.xml:64:13-49
110            android:theme="@style/UnityThemeSelector" >
110-->[:unityLibrary] AndroidManifest.xml:65:13-54
111            <intent-filter>
111-->[:unityLibrary] AndroidManifest.xml:66:13-70:29
112                <category android:name="android.intent.category.LAUNCHER" />
112-->[:unityLibrary] AndroidManifest.xml:67:17-77
112-->[:unityLibrary] AndroidManifest.xml:67:27-74
113
114                <action android:name="android.intent.action.MAIN" />
114-->[:unityLibrary] AndroidManifest.xml:69:17-69
114-->[:unityLibrary] AndroidManifest.xml:69:25-66
115            </intent-filter>
116
117            <meta-data
117-->[:unityLibrary] AndroidManifest.xml:72:13-74:40
118                android:name="unityplayer.UnityActivity"
118-->[:unityLibrary] AndroidManifest.xml:73:17-57
119                android:value="true" />
119-->[:unityLibrary] AndroidManifest.xml:74:17-37
120            <meta-data
120-->[:unityLibrary] AndroidManifest.xml:75:13-77:40
121                android:name="notch_support"
121-->[:unityLibrary] AndroidManifest.xml:76:17-45
122                android:value="true" />
122-->[:unityLibrary] AndroidManifest.xml:77:17-37
123        </activity>
124
125        <meta-data
125-->[:unityLibrary] AndroidManifest.xml:80:9-82:36
126            android:name="unityplayer.SkipPermissionsDialog"
126-->[:unityLibrary] AndroidManifest.xml:81:13-61
127            android:value="true" />
127-->[:unityLibrary] AndroidManifest.xml:82:13-33
128        <meta-data
128-->[:unityLibrary] AndroidManifest.xml:83:9-85:40
129            android:name="com.google.ar.core"
129-->[:unityLibrary] AndroidManifest.xml:84:13-46
130            android:value="required" /> <!-- The minimal version code of ARCore APK required for an app using this SDK. -->
130-->[:unityLibrary] AndroidManifest.xml:85:13-37
131        <meta-data
131-->[:arcore_client:] AndroidManifest.xml:32:9-34:41
132            android:name="com.google.ar.core.min_apk_version"
132-->[:arcore_client:] AndroidManifest.xml:33:13-62
133            android:value="240220000" /> <!-- This activity is critical for installing ARCore when it is not already present. -->
133-->[:arcore_client:] AndroidManifest.xml:34:13-38
134        <activity
134-->[:arcore_client:] AndroidManifest.xml:36:9-42:80
135            android:name="com.google.ar.core.InstallActivity"
135-->[:arcore_client:] AndroidManifest.xml:37:13-62
136            android:configChanges="keyboardHidden|orientation|screenSize"
136-->[:arcore_client:] AndroidManifest.xml:38:13-74
137            android:excludeFromRecents="true"
137-->[:arcore_client:] AndroidManifest.xml:39:13-46
138            android:exported="false"
138-->[:arcore_client:] AndroidManifest.xml:40:13-37
139            android:launchMode="singleTop"
139-->[:arcore_client:] AndroidManifest.xml:41:13-43
140            android:theme="@android:style/Theme.Material.Light.Dialog.Alert" />
140-->[:arcore_client:] AndroidManifest.xml:42:13-77
141        <activity
141-->[:UnityAds:] AndroidManifest.xml:14:9-18:74
142            android:name="com.unity3d.services.ads.adunit.AdUnitActivity"
142-->[:UnityAds:] AndroidManifest.xml:15:13-74
143            android:configChanges="fontScale|keyboard|keyboardHidden|locale|mnc|mcc|navigation|orientation|screenLayout|screenSize|smallestScreenSize|uiMode|touchscreen"
143-->[:UnityAds:] AndroidManifest.xml:16:13-170
144            android:hardwareAccelerated="true"
144-->[:UnityAds:] AndroidManifest.xml:17:13-47
145            android:theme="@android:style/Theme.NoTitleBar.Fullscreen" />
145-->[:UnityAds:] AndroidManifest.xml:18:13-71
146        <activity
146-->[:UnityAds:] AndroidManifest.xml:19:9-23:86
147            android:name="com.unity3d.services.ads.adunit.AdUnitTransparentActivity"
147-->[:UnityAds:] AndroidManifest.xml:20:13-85
148            android:configChanges="fontScale|keyboard|keyboardHidden|locale|mnc|mcc|navigation|orientation|screenLayout|screenSize|smallestScreenSize|uiMode|touchscreen"
148-->[:UnityAds:] AndroidManifest.xml:21:13-170
149            android:hardwareAccelerated="true"
149-->[:UnityAds:] AndroidManifest.xml:22:13-47
150            android:theme="@android:style/Theme.Translucent.NoTitleBar.Fullscreen" />
150-->[:UnityAds:] AndroidManifest.xml:23:13-83
151        <activity
151-->[:UnityAds:] AndroidManifest.xml:24:9-28:86
152            android:name="com.unity3d.services.ads.adunit.AdUnitTransparentSoftwareActivity"
152-->[:UnityAds:] AndroidManifest.xml:25:13-93
153            android:configChanges="fontScale|keyboard|keyboardHidden|locale|mnc|mcc|navigation|orientation|screenLayout|screenSize|smallestScreenSize|uiMode|touchscreen"
153-->[:UnityAds:] AndroidManifest.xml:26:13-170
154            android:hardwareAccelerated="false"
154-->[:UnityAds:] AndroidManifest.xml:27:13-48
155            android:theme="@android:style/Theme.Translucent.NoTitleBar.Fullscreen" />
155-->[:UnityAds:] AndroidManifest.xml:28:13-83
156        <activity
156-->[:UnityAds:] AndroidManifest.xml:29:9-33:74
157            android:name="com.unity3d.services.ads.adunit.AdUnitSoftwareActivity"
157-->[:UnityAds:] AndroidManifest.xml:30:13-82
158            android:configChanges="fontScale|keyboard|keyboardHidden|locale|mnc|mcc|navigation|orientation|screenLayout|screenSize|smallestScreenSize|uiMode|touchscreen"
158-->[:UnityAds:] AndroidManifest.xml:31:13-170
159            android:hardwareAccelerated="false"
159-->[:UnityAds:] AndroidManifest.xml:32:13-48
160            android:theme="@android:style/Theme.NoTitleBar.Fullscreen" />
160-->[:UnityAds:] AndroidManifest.xml:33:13-71
161
162        <provider
162-->[:VuforiaEngine:] AndroidManifest.xml:25:9-33:20
163            android:name="com.vuforia.engine.app.VuforiaContentProvider"
163-->[:VuforiaEngine:] AndroidManifest.xml:26:13-73
164            android:authorities="com.vuforia.engine.VuforiaEngine.vuforia.share"
164-->[:VuforiaEngine:] AndroidManifest.xml:27:13-65
165            android:exported="false"
165-->[:VuforiaEngine:] AndroidManifest.xml:28:13-37
166            android:grantUriPermissions="true" >
166-->[:VuforiaEngine:] AndroidManifest.xml:29:13-47
167            <meta-data
167-->[:VuforiaEngine:] AndroidManifest.xml:30:13-32:53
168                android:name="android.support.FILE_PROVIDER_PATHS"
168-->[:VuforiaEngine:] AndroidManifest.xml:31:17-67
169                android:resource="@xml/filepaths" />
169-->[:VuforiaEngine:] AndroidManifest.xml:32:17-50
170        </provider>
171
172        <activity
172-->[:GfxPluginCardboard:] AndroidManifest.xml:21:9-25:66
173            android:name="com.google.cardboard.sdk.QrCodeCaptureActivity"
173-->[:GfxPluginCardboard:] AndroidManifest.xml:22:13-74
174            android:exported="false"
174-->[:GfxPluginCardboard:] AndroidManifest.xml:23:13-37
175            android:label="@string/title_activity_qr_code_capture"
175-->[:GfxPluginCardboard:] AndroidManifest.xml:24:13-67
176            android:theme="@style/Theme.AppCompat.NoActionBar" />
176-->[:GfxPluginCardboard:] AndroidManifest.xml:25:13-63
177        <!--
178          Activity whose sole purpose is to update Cardboard device params when a Cardboard V1
179          NFC tag is detected.
180        -->
181        <activity
181-->[:GfxPluginCardboard:] AndroidManifest.xml:31:9-44:20
182            android:name="com.google.cardboard.sdk.HeadsetDetectionActivity"
182-->[:GfxPluginCardboard:] AndroidManifest.xml:32:13-77
183            android:exported="true"
183-->[:GfxPluginCardboard:] AndroidManifest.xml:33:13-36
184            android:label="@string/headset_detection_activity_title" >
184-->[:GfxPluginCardboard:] AndroidManifest.xml:34:13-69
185
186            <!-- Handles the Cardboard V1 NFC tag released at Google I/O 2014. -->
187            <intent-filter>
187-->[:GfxPluginCardboard:] AndroidManifest.xml:37:13-43:29
188                <action android:name="android.nfc.action.NDEF_DISCOVERED" />
188-->[:GfxPluginCardboard:] AndroidManifest.xml:38:17-77
188-->[:GfxPluginCardboard:] AndroidManifest.xml:38:25-74
189
190                <category android:name="android.intent.category.DEFAULT" />
190-->[:GfxPluginCardboard:] AndroidManifest.xml:40:17-76
190-->[:GfxPluginCardboard:] AndroidManifest.xml:40:27-73
191
192                <data android:scheme="cardboard" />
192-->[:GfxPluginCardboard:] AndroidManifest.xml:42:17-52
192-->[:GfxPluginCardboard:] AndroidManifest.xml:42:23-49
193            </intent-filter>
194        </activity>
195        <activity
195-->[com.google.android.gms:play-services-base:17.4.0] AndroidManifest.xml:23:9-26:75
196            android:name="com.google.android.gms.common.api.GoogleApiActivity"
196-->[com.google.android.gms:play-services-base:17.4.0] AndroidManifest.xml:24:13-79
197            android:exported="false"
197-->[com.google.android.gms:play-services-base:17.4.0] AndroidManifest.xml:25:13-37
198            android:theme="@android:style/Theme.Translucent.NoTitleBar" />
198-->[com.google.android.gms:play-services-base:17.4.0] AndroidManifest.xml:26:13-72
199
200        <meta-data
200-->[com.google.android.gms:play-services-basement:17.4.0] AndroidManifest.xml:23:9-25:69
201            android:name="com.google.android.gms.version"
201-->[com.google.android.gms:play-services-basement:17.4.0] AndroidManifest.xml:24:13-58
202            android:value="@integer/google_play_services_version" />
202-->[com.google.android.gms:play-services-basement:17.4.0] AndroidManifest.xml:25:13-66
203
204        <provider
204-->[androidx.emoji2:emoji2:1.2.0] AndroidManifest.xml:24:9-32:20
205            android:name="androidx.startup.InitializationProvider"
205-->[androidx.emoji2:emoji2:1.2.0] AndroidManifest.xml:25:13-67
206            android:authorities="com.vuforia.engine.VuforiaEngine.androidx-startup"
206-->[androidx.emoji2:emoji2:1.2.0] AndroidManifest.xml:26:13-68
207            android:exported="false" >
207-->[androidx.emoji2:emoji2:1.2.0] AndroidManifest.xml:27:13-37
208            <meta-data
208-->[androidx.emoji2:emoji2:1.2.0] AndroidManifest.xml:29:13-31:52
209                android:name="androidx.emoji2.text.EmojiCompatInitializer"
209-->[androidx.emoji2:emoji2:1.2.0] AndroidManifest.xml:30:17-75
210                android:value="androidx.startup" />
210-->[androidx.emoji2:emoji2:1.2.0] AndroidManifest.xml:31:17-49
211            <meta-data
211-->[androidx.lifecycle:lifecycle-process:2.4.1] AndroidManifest.xml:31:13-33:52
212                android:name="androidx.lifecycle.ProcessLifecycleInitializer"
212-->[androidx.lifecycle:lifecycle-process:2.4.1] AndroidManifest.xml:32:17-78
213                android:value="androidx.startup" />
213-->[androidx.lifecycle:lifecycle-process:2.4.1] AndroidManifest.xml:33:17-49
214        </provider>
215    </application>
216
217</manifest>